<?xml version="1.0" encoding="UTF-8"?>
<testng-results skipped="0" failed="0" ignored="0" total="2" passed="2">
  <reporter-output>
  </reporter-output>
  <suite name="Default suite" duration-ms="133" started-at="2019-06-11T00:38:09Z" finished-at="2019-06-11T00:38:09Z">
    <groups>
    </groups>
    <test name="Default test" duration-ms="133" started-at="2019-06-11T00:38:09Z" finished-at="2019-06-11T00:38:09Z">
      <class name="mavensample.tests.SampleTests">
        <test-method status="PASS" signature="FirstTest()[pri:0, instance:mavensample.tests.SampleTests@8bd1b6a]" name="FirstTest" duration-ms="39" started-at="2019-06-11T00:38:09Z" finished-at="2019-06-11T00:38:09Z">
          <reporter-output>
          </reporter-output>
        </test-method> <!-- FirstTest -->
        <test-method status="PASS" signature="SecondTest()[pri:0, instance:mavensample.tests.SampleTests@8bd1b6a]" name="SecondTest" duration-ms="2" started-at="2019-06-11T00:38:09Z" finished-at="2019-06-11T00:38:09Z">
          <reporter-output>
          </reporter-output>
        </test-method> <!-- SecondTest -->
      </class> <!-- mavensample.tests.SampleTests -->
    </test> <!-- Default test -->
  </suite> <!-- Default suite -->
</testng-results>
